<?xml version="1.0" encoding="UTF-8"?>
<testsuite name="com.csc.service.DataAnalyzerTest" tests="1" skipped="0" failures="0" errors="0" timestamp="2025-07-13T22:51:15.519Z" hostname="codespaces-9f8ff5" time="0.058">
  <properties/>
  <testcase name="testAnalyzeDataCorrectly()" classname="com.csc.service.DataAnalyzerTest" time="0.058"/>
  <system-out><![CDATA[]]></system-out>
  <system-err><![CDATA[]]></system-err>
</testsuite>
