<?xml version="1.0" encoding="UTF-8"?>
<testsuite name="com.csc.parser.CheeseParserTest" tests="1" skipped="0" failures="0" errors="0" timestamp="2025-07-13T22:51:15.594Z" hostname="codespaces-9f8ff5" time="0.005">
  <properties/>
  <testcase name="testParseValidCSV()" classname="com.csc.parser.CheeseParserTest" time="0.005"/>
  <system-out><![CDATA[]]></system-out>
  <system-err><![CDATA[]]></system-err>
</testsuite>
