<?xml version="1.0" encoding="UTF-8"?>
<testsuite name="com.csc.service.CsvUtilTest" tests="2" skipped="0" failures="0" errors="0" timestamp="2025-07-13T22:51:15.607Z" hostname="codespaces-9f8ff5" time="0.014">
  <properties/>
  <testcase name="testRemoveHeaders()" classname="com.csc.service.CsvUtilTest" time="0.006"/>
  <testcase name="testRemoveIds()" classname="com.csc.service.CsvUtilTest" time="0.005"/>
  <system-out><![CDATA[]]></system-out>
  <system-err><![CDATA[]]></system-err>
</testsuite>
